<?xml version="1.0" encoding="UTF-8"?>
<!-- Generated by org.testng.reporters.JUnitXMLReporter -->
<testsuite ignored="0" hostname="amitkambli" failures="0" tests="4" name="Test" time="9.595" errors="0" timestamp="2024-05-22T15:51:37 IST">
  <testcase classname="Reports.DemoParallelTest" name="failTest" time="1.868"/>
  <testcase classname="Reports.DemoParallelTest" name="passTest2" time="2.082"/>
  <testcase classname="Reports.DemoParallelTest" name="passTest1" time="3.376"/>
  <testcase classname="Reports.DemoParallelTest" name="skipTest" time="1.011"/>
</testsuite> <!-- Test -->
